<?xml version="1.0" encoding="UTF-8"?>
<!-- Generated by org.testng.reporters.JUnitReportReporter -->
<testsuite hostname="GS-3031" failures="0" tests="1" name="com.first_project.testcases.TC_AlertFrameAndWindows" time="9.400" errors="0" timestamp="2021-09-30T14:34:35 IST" skipped="0">
  <testcase classname="com.first_project.testcases.TC_AlertFrameAndWindows" name="checkAlertFunctionality" time="9.400"/>
  <system-out/>
</testsuite> <!-- com.first_project.testcases.TC_AlertFrameAndWindows -->
