<?xml version="1.0" encoding="UTF-8"?>
<!-- Generated by org.testng.reporters.JUnitReportReporter -->
<testsuite hostname="GS-3031" failures="0" tests="1" name="com.first_project.testcases.TC_BookStoreSummary" time="4.789" errors="0" timestamp="2021-09-30T14:49:32 IST" skipped="0">
  <testcase classname="com.first_project.testcases.TC_BookStoreSummary" name="verifyAllBooks" time="4.789"/>
  <system-out/>
</testsuite> <!-- com.first_project.testcases.TC_BookStoreSummary -->
