<?xml version="1.0" encoding="UTF-8"?>
<!-- Generated by org.testng.reporters.JUnitReportReporter -->
<testsuite hostname="GS-3031" failures="0" tests="3" name="com.first_project.testcases.Elements" time="46.840" errors="0" timestamp="2021-09-28T00:32:39 IST" skipped="0">
  <testcase classname="com.first_project.testcases.Elements" name="verifyTextBox" time="8.423"/>
  <system-out/>
  <testcase classname="com.first_project.testcases.Elements" name="verifyCheckBoxFunctionality" time="24.676"/>
  <system-out/>
  <testcase classname="com.first_project.testcases.Elements" name="VerifyRadioButtonFunctionality" time="13.741"/>
  <system-out/>
</testsuite> <!-- com.first_project.testcases.Elements -->
